<?xml version="1.0" encoding="UTF-8"?>
<!-- Generated by org.testng.reporters.JUnitReportReporter -->
<testsuite hostname="Ankit-PC" failures="0" tests="2" name="testCases.AddandPaymentTestCases" time="49.174" errors="0" timestamp="2024-05-26T14:00:39 IST" skipped="0">
  <testcase classname="testCases.AddandPaymentTestCases" name="TC_CO_002_VerifyAddToWishlistWithoutLogin" time="11.286"/>
  <testcase classname="testCases.AddandPaymentTestCases" name="TC_CO_001_VerifyBuyProduct" time="37.888"/>
</testsuite> <!-- testCases.AddandPaymentTestCases -->
