<?xml version="1.0" encoding="UTF-8"?>
<!-- Generated by org.testng.reporters.JUnitReportReporter -->
<testsuite hostname="Ankit-PC" failures="0" tests="3" name="testCases.LoginTestCases" time="12.788" errors="0" timestamp="2024-05-26T14:00:39 IST" skipped="0">
  <testcase classname="testCases.LoginTestCases" name="TC_LF_001_VerifyLoginWithValidCredentials" time="5.304"/>
  <testcase classname="testCases.LoginTestCases" name="TC_LF_002_VerifyLoginWithInvalidCredentials" time="1.976"/>
  <testcase classname="testCases.LoginTestCases" name="TC_LF_003_VerifySignOut" time="5.508"/>
</testsuite> <!-- testCases.LoginTestCases -->
