<?xml version="1.0" encoding="UTF-8"?>
<!-- Generated by org.testng.reporters.JUnitReportReporter -->
<testsuite hostname="Ankit-PC" failures="0" tests="2" name="testCases.AddandPaymentTestCases" time="46.287" errors="0" timestamp="2024-05-26T14:17:58 IST" skipped="0">
  <testcase classname="testCases.AddandPaymentTestCases" name="TC_CO_001_VerifyBuyProduct" time="34.882"/>
  <testcase classname="testCases.AddandPaymentTestCases" name="TC_CO_002_VerifyAddToWishlistWithoutLogin" time="11.405"/>
</testsuite> <!-- testCases.AddandPaymentTestCases -->
