<?xml version="1.0" encoding="UTF-8"?>
<!-- Generated by org.testng.reporters.JUnitReportReporter -->
<testsuite hostname="Ankit-PC" failures="0" tests="1" name="testCases.SearchTestCase" time="3.578" errors="0" timestamp="2024-05-26T13:30:12 IST" skipped="0">
  <testcase classname="testCases.SearchTestCase" name="VerifySearchProduct" time="3.578"/>
</testsuite> <!-- testCases.SearchTestCase -->
