<?xml version="1.0" encoding="UTF-8"?>
<!-- Generated by org.testng.reporters.JUnitReportReporter -->
<testsuite hostname="Ankit-PC" failures="0" tests="2" name="testCases.AddandPaymentTestCases" time="33.933" errors="0" timestamp="2024-05-26T13:30:12 IST" skipped="0">
  <testcase classname="testCases.AddandPaymentTestCases" name="VerifyAddToWishlistWithoutLogin" time="12.426"/>
  <testcase classname="testCases.AddandPaymentTestCases" name="VerifyBuyProduct" time="21.507"/>
</testsuite> <!-- testCases.AddandPaymentTestCases -->
