<?xml version="1.0" encoding="UTF-8"?>
<!-- Generated by org.testng.reporters.JUnitReportReporter -->
<testsuite hostname="Ankit-PC" failures="0" tests="1" name="testCases.ProductPriceTestCases" time="12.238" errors="0" timestamp="2024-05-26T14:00:39 IST" skipped="0">
  <testcase classname="testCases.ProductPriceTestCases" name="TC_PPP_001_VerifyProductPrice" time="12.238"/>
</testsuite> <!-- testCases.ProductPriceTestCases -->
