<?xml version="1.0" encoding="UTF-8"?>
<!-- Generated by org.testng.reporters.JUnitReportReporter -->
<testsuite hostname="Ankit-PC" failures="0" tests="1" name="testCases.ProductPriceTestCases" time="6.353" errors="0" timestamp="2024-05-26T10:07:00 IST" skipped="0">
  <testcase classname="testCases.ProductPriceTestCases" name="VerifyProductPrice" time="6.353"/>
</testsuite> <!-- testCases.ProductPriceTestCases -->
