<?xml version="1.0" encoding="UTF-8"?>
<!-- Generated by org.testng.reporters.JUnitReportReporter -->
<testsuite hostname="Ankit-PC" failures="0" tests="3" name="testCases.LoginTestCases" time="10.459" errors="0" timestamp="2024-05-26T14:17:58 IST" skipped="0">
  <testcase classname="testCases.LoginTestCases" name="TC_LF_001_VerifyLoginWithValidCredentials" time="3.644"/>
  <testcase classname="testCases.LoginTestCases" name="TC_LF_002_VerifyLoginWithInvalidCredentials" time="2.611"/>
  <testcase classname="testCases.LoginTestCases" name="TC_LF_003_VerifySignOut" time="4.204"/>
</testsuite> <!-- testCases.LoginTestCases -->
