<?xml version="1.0" encoding="UTF-8"?>
<!-- Generated by org.testng.reporters.JUnitReportReporter -->
<testsuite hostname="Ankit-PC" failures="0" tests="1" name="testCases.SearchTestCase" time="4.526" errors="0" timestamp="2024-05-26T14:17:58 IST" skipped="0">
  <testcase classname="testCases.SearchTestCase" name="TC_SF_001_VerifySearchProduct" time="4.526"/>
</testsuite> <!-- testCases.SearchTestCase -->
