<?xml version="1.0" encoding="UTF-8"?>
<!-- Generated by org.testng.reporters.JUnitReportReporter -->
<testsuite hostname="Ankit-PC" failures="0" tests="2" name="testCases.AddandPaymentTestCases" time="27.800" errors="0" timestamp="2024-05-26T10:07:00 IST" skipped="0">
  <testcase classname="testCases.AddandPaymentTestCases" name="VerifyAddToWishlistWithoutLogin" time="9.834"/>
  <testcase classname="testCases.AddandPaymentTestCases" name="VerifyBuyProduct" time="17.966"/>
</testsuite> <!-- testCases.AddandPaymentTestCases -->
