<?xml version="1.0" encoding="UTF-8"?>
<!-- Generated by org.testng.reporters.JUnitReportReporter -->
<testsuite hostname="Ankit-PC" failures="0" tests="2" name="testCases.AddandPaymentTestCases" time="30.136" errors="0" timestamp="2024-05-26T09:24:13 IST" skipped="0">
  <testcase classname="testCases.AddandPaymentTestCases" name="VerifyBuyProduct" time="19.794"/>
  <testcase classname="testCases.AddandPaymentTestCases" name="VerifyAddToWishlistWithoutLogin" time="10.342"/>
</testsuite> <!-- testCases.AddandPaymentTestCases -->
