<?xml version="1.0" encoding="UTF-8"?>
<!-- Generated by org.testng.reporters.JUnitReportReporter -->
<testsuite hostname="Ankit-PC" failures="0" tests="3" name="testCases.LoginTestCases" time="8.991" errors="0" timestamp="2024-05-26T13:30:12 IST" skipped="0">
  <testcase classname="testCases.LoginTestCases" name="VerifyLoginWithValidCredentialsTC_SF_001" time="3.449"/>
  <testcase classname="testCases.LoginTestCases" name="VerifyLoginWithInvalidCredentials" time="2.066"/>
  <testcase classname="testCases.LoginTestCases" name="VerifySignOut" time="3.476"/>
</testsuite> <!-- testCases.LoginTestCases -->
