<?xml version="1.0" encoding="UTF-8"?>
<!-- Generated by org.testng.reporters.JUnitReportReporter -->
<testsuite hostname="Ankit-PC" failures="0" tests="3" name="testCases.LoginTestCases" time="7.368" errors="0" timestamp="2024-05-26T09:24:13 IST" skipped="0">
  <testcase classname="testCases.LoginTestCases" name="VerifyLoginWithValidCredentials" time="3.176"/>
  <testcase classname="testCases.LoginTestCases" name="VerifyLoginWithInvalidCredentials" time="1.580"/>
  <testcase classname="testCases.LoginTestCases" name="VerifySignOut" time="2.612"/>
</testsuite> <!-- testCases.LoginTestCases -->
