<?xml version="1.0" encoding="UTF-8"?>
<!-- Generated by org.testng.reporters.JUnitReportReporter -->
<testsuite hostname="Ankit-PC" failures="0" tests="1" name="testCases.ProductPriceTestCases" time="6.728" errors="0" timestamp="2024-05-26T09:24:13 IST" skipped="0">
  <testcase classname="testCases.ProductPriceTestCases" name="VerifyProductPrice" time="6.728"/>
</testsuite> <!-- testCases.ProductPriceTestCases -->
