<?xml version="1.0" encoding="UTF-8"?>
<!-- Generated by org.testng.reporters.JUnitReportReporter -->
<testsuite hostname="Ankit-PC" failures="0" tests="3" name="testCases.LoginTestCases" time="7.052" errors="0" timestamp="2024-05-26T10:07:00 IST" skipped="0">
  <testcase classname="testCases.LoginTestCases" name="VerifyLoginWithValidCredentials" time="2.988"/>
  <testcase classname="testCases.LoginTestCases" name="VerifyLoginWithInvalidCredentials" time="1.261"/>
  <testcase classname="testCases.LoginTestCases" name="VerifySignOut" time="2.803"/>
</testsuite> <!-- testCases.LoginTestCases -->
